<?xml version="1.0" encoding="utf-8"?><testsuites><testsuite name="pytest" errors="0" failures="0" skipped="0" tests="3" time="0.019" timestamp="2023-06-08T21:22:01.808855" hostname="IBM-PF3JAEEW"><testcase classname="tests.test_multiplication" name="test_multiplication_11[1-11]" time="0.001" /><testcase classname="tests.test_multiplication" name="test_multiplication_11[2-22]" time="0.000" /><testcase classname="tests.test_multiplication" name="test_multiplication_11[3-33]" time="0.000" /></testsuite></testsuites>